<?xml version="1.0" encoding="UTF-8"?>
<!-- Generated by org.testng.reporters.JUnitReportReporter -->
<testsuite hostname="KEDARRAJE" failures="0" tests="5" name="testCases.Contact_Test" time="22.345" errors="0" timestamp="2026-06-22T10:41:34 IST" skipped="0">
  <testcase classname="testCases.Contact_Test" name="TC_007" time="5.662"/>
  <testcase classname="testCases.Contact_Test" name="TC_007" time="3.413"/>
  <testcase classname="testCases.Contact_Test" name="TC_007" time="3.556"/>
  <testcase classname="testCases.Contact_Test" name="TC_007" time="3.546"/>
  <testcase classname="testCases.Contact_Test" name="TC_007" time="6.168"/>
</testsuite> <!-- testCases.Contact_Test -->
